TN:
SF:index.js
FN:30,(anonymous_0)
FNF:1
FNH:1
FNDA:1,(anonymous_0)
DA:1,1
DA:2,1
DA:3,1
DA:4,1
DA:6,1
DA:8,1
DA:10,1
DA:13,1
DA:14,1
DA:17,1
DA:20,1
DA:22,1
DA:24,1
DA:28,1
DA:30,1
DA:31,1
DA:34,1
LF:17
LH:17
BRDA:25,0,0,1
BRDA:25,0,1,1
BRF:2
BRH:2
end_of_record
TN:
SF:controllers/RatingController.js
FN:6,(anonymous_0)
FNF:1
FNH:1
FNDA:4,(anonymous_0)
DA:1,1
DA:2,1
DA:4,1
DA:7,4
DA:8,4
DA:10,4
DA:11,4
DA:12,1
DA:19,3
DA:22,3
DA:23,2
DA:29,1
DA:35,1
DA:36,1
DA:37,0
DA:43,1
DA:48,0
DA:56,1
LF:18
LH:16
BRDA:11,0,0,1
BRDA:11,0,1,3
BRDA:22,1,0,2
BRDA:22,1,1,1
BRDA:22,2,0,3
BRDA:22,2,1,2
BRDA:22,2,2,2
BRDA:36,3,0,0
BRDA:36,3,1,1
BRF:9
BRH:8
end_of_record
TN:
SF:controllers/RecipesController.js
FN:5,(anonymous_0)
FN:51,(anonymous_1)
FN:109,(anonymous_2)
FN:135,(anonymous_3)
FN:190,(anonymous_4)
FNF:5
FNH:5
FNDA:1,(anonymous_0)
FNDA:4,(anonymous_1)
FNDA:2,(anonymous_2)
FNDA:4,(anonymous_3)
FNDA:2,(anonymous_4)
DA:1,1
DA:3,1
DA:6,1
DA:7,1
DA:8,1
DA:9,1
DA:13,1
DA:14,1
DA:16,1
DA:17,1
DA:19,1
DA:20,1
DA:22,1
DA:23,0
DA:29,1
DA:30,0
DA:36,1
DA:38,1
DA:43,0
DA:52,4
DA:56,4
DA:59,4
DA:60,1
DA:66,3
DA:67,1
DA:74,2
DA:75,1
DA:81,1
DA:88,1
DA:89,1
DA:90,0
DA:96,1
DA:101,0
DA:110,2
DA:111,2
DA:114,2
DA:115,2
DA:116,1
DA:122,1
DA:127,0
DA:136,4
DA:138,4
DA:139,3
DA:140,1
DA:147,3
DA:148,1
DA:149,1
DA:156,2
DA:159,2
DA:160,2
DA:161,1
DA:167,1
DA:169,1
DA:170,1
DA:171,0
DA:176,1
DA:181,0
DA:182,0
DA:191,2
DA:193,2
DA:196,2
DA:197,2
DA:198,1
DA:203,1
DA:208,0
DA:209,0
DA:217,1
LF:67
LH:56
BRDA:8,0,0,1
BRDA:8,0,1,0
BRDA:22,1,0,0
BRDA:22,1,1,1
BRDA:29,2,0,0
BRDA:29,2,1,1
BRDA:45,3,0,0
BRDA:45,3,1,0
BRDA:59,4,0,1
BRDA:59,4,1,3
BRDA:66,5,0,1
BRDA:66,5,1,2
BRDA:74,6,0,1
BRDA:74,6,1,1
BRDA:74,7,0,2
BRDA:74,7,1,1
BRDA:74,7,2,1
BRDA:89,8,0,0
BRDA:89,8,1,1
BRDA:115,9,0,1
BRDA:115,9,1,1
BRDA:129,10,0,0
BRDA:129,10,1,0
BRDA:138,11,0,3
BRDA:138,11,1,1
BRDA:139,12,0,1
BRDA:139,12,1,2
BRDA:139,13,0,3
BRDA:139,13,1,2
BRDA:139,13,2,2
BRDA:147,14,0,1
BRDA:147,14,1,2
BRDA:148,15,0,1
BRDA:148,15,1,0
BRDA:160,16,0,1
BRDA:160,16,1,1
BRDA:170,17,0,0
BRDA:170,17,1,1
BRDA:197,18,0,1
BRDA:197,18,1,1
BRF:40
BRH:30
end_of_record
TN:
SF:controllers/UsersController.js
FN:6,generateToken
FN:10,(anonymous_1)
FNF:2
FNH:2
FNDA:2,generateToken
FNDA:6,(anonymous_1)
DA:1,1
DA:2,1
DA:4,1
DA:6,2
DA:8,1
DA:11,6
DA:12,6
DA:13,6
DA:14,2
DA:19,4
DA:21,4
DA:22,1
DA:28,3
DA:29,3
DA:30,1
DA:36,2
DA:42,2
DA:43,2
DA:49,0
DA:57,1
LF:20
LH:19
BRDA:13,0,0,2
BRDA:13,0,1,4
BRDA:13,1,0,6
BRDA:13,1,1,5
BRDA:21,2,0,1
BRDA:21,2,1,3
BRDA:29,3,0,1
BRDA:29,3,1,2
BRDA:51,4,0,0
BRDA:51,4,1,0
BRF:10
BRH:8
end_of_record
TN:
SF:database/dbConection.js
FNF:0
FNH:0
DA:1,1
DA:2,1
DA:4,1
DA:5,1
DA:8,0
DA:10,1
LF:6
LH:5
BRDA:4,0,0,1
BRDA:4,0,1,0
BRF:2
BRH:1
end_of_record
TN:
SF:database/models/rating.js
FNF:0
FNH:0
DA:1,1
DA:3,1
DA:5,1
DA:25,1
DA:28,1
LF:5
LH:5
BRF:0
BRH:0
end_of_record
TN:
SF:database/models/recipes.js
FNF:0
FNH:0
DA:1,1
DA:3,1
DA:5,1
DA:28,1
DA:31,1
LF:5
LH:5
BRF:0
BRH:0
end_of_record
TN:
SF:database/models/users.js
FNF:0
FNH:0
DA:1,1
DA:3,1
DA:5,1
DA:18,1
DA:21,1
LF:5
LH:5
BRF:0
BRH:0
end_of_record
TN:
SF:database/services/rating.js
FN:5,(anonymous_0)
FN:14,(anonymous_1)
FNF:2
FNH:2
FNDA:1,(anonymous_0)
FNDA:1,(anonymous_1)
DA:1,1
DA:3,1
DA:6,1
DA:7,1
DA:8,0
DA:10,1
DA:11,1
DA:15,1
DA:16,1
DA:17,0
DA:19,1
DA:23,1
LF:12
LH:10
BRDA:7,0,0,0
BRDA:7,0,1,1
BRDA:16,1,0,0
BRDA:16,1,1,1
BRF:4
BRH:2
end_of_record
TN:
SF:database/services/recipes.js
FN:6,(anonymous_0)
FN:15,(anonymous_1)
FN:20,(anonymous_2)
FN:31,(anonymous_3)
FN:39,(anonymous_4)
FN:47,(anonymous_5)
FNF:6
FNH:6
FNDA:1,(anonymous_0)
FNDA:1,(anonymous_1)
FNDA:1,(anonymous_2)
FNDA:8,(anonymous_3)
FNDA:1,(anonymous_4)
FNDA:2,(anonymous_5)
DA:1,1
DA:2,1
DA:4,1
DA:7,1
DA:8,1
DA:9,0
DA:11,1
DA:16,1
DA:17,1
DA:21,1
DA:25,1
DA:26,0
DA:28,1
DA:32,8
DA:33,8
DA:34,3
DA:36,5
DA:40,1
DA:41,1
DA:42,0
DA:44,1
DA:48,2
DA:49,2
DA:50,1
DA:53,1
DA:54,1
DA:56,0
DA:58,1
DA:62,1
LF:29
LH:25
BRDA:8,0,0,0
BRDA:8,0,1,1
BRDA:25,1,0,0
BRDA:25,1,1,1
BRDA:33,2,0,3
BRDA:33,2,1,5
BRDA:41,3,0,0
BRDA:41,3,1,1
BRDA:49,4,0,1
BRDA:49,4,1,1
BRDA:54,5,0,0
BRDA:54,5,1,1
BRF:12
BRH:8
end_of_record
TN:
SF:database/services/users.js
FN:4,(anonymous_0)
FNF:1
FNH:1
FNDA:4,(anonymous_0)
DA:1,1
DA:3,1
DA:5,4
DA:6,4
DA:7,1
DA:9,3
DA:13,1
LF:7
LH:7
BRDA:6,0,0,1
BRDA:6,0,1,3
BRF:2
BRH:2
end_of_record
TN:
SF:routes/authenticateToken.js
FN:4,authenticateToken
FN:8,(anonymous_1)
FNF:2
FNH:2
FNDA:13,authenticateToken
FNDA:13,(anonymous_1)
DA:2,1
DA:5,13
DA:6,13
DA:7,13
DA:8,13
DA:9,13
DA:10,3
DA:14,10
DA:15,10
DA:18,1
LF:10
LH:10
BRDA:6,0,0,13
BRDA:6,0,1,13
BRDA:7,1,0,0
BRDA:7,1,1,13
BRDA:9,2,0,3
BRDA:9,2,1,10
BRF:6
BRH:5
end_of_record
TN:
SF:routes/index.js
FNF:0
FNH:0
DA:1,1
DA:3,1
DA:5,1
DA:6,1
DA:7,1
DA:8,1
DA:11,1
DA:14,1
DA:15,1
DA:16,1
DA:17,1
DA:18,1
DA:21,1
DA:23,1
LF:14
LH:14
BRF:0
BRH:0
end_of_record
